<?xml version="1.0" encoding="UTF-8"?>
<testng-results ignored="0" total="1" passed="1" failed="0" skipped="0">
  <reporter-output>
  </reporter-output>
  <suite started-at="2022-10-27T08:10:09 IST" name="Default suite" finished-at="2022-10-27T08:10:17 IST" duration-ms="7384">
    <groups>
    </groups>
    <test started-at="2022-10-27T08:10:09 IST" name="Default test" finished-at="2022-10-27T08:10:17 IST" duration-ms="7384">
      <class name="Log4j.NewTest">
        <test-method is-config="true" signature="beforeTest()[pri:0, instance:Log4j.NewTest@63a12c68]" started-at="2022-10-27T08:10:09 IST" name="beforeTest" finished-at="2022-10-27T08:10:09 IST" duration-ms="6" status="PASS">
          <reporter-output>
          </reporter-output>
        </test-method> <!-- beforeTest -->
        <test-method signature="f()[pri:0, instance:Log4j.NewTest@63a12c68]" started-at="2022-10-27T08:10:09 IST" name="f" finished-at="2022-10-27T08:10:17 IST" duration-ms="7349" status="PASS">
          <reporter-output>
          </reporter-output>
        </test-method> <!-- f -->
      </class> <!-- Log4j.NewTest -->
    </test> <!-- Default test -->
  </suite> <!-- Default suite -->
</testng-results>
